2020-06-27 11:02:53,662 INFO 3132 [egg-schedule]: register schedule C:\Users\ddd\Desktop\shopping-ly\server\node_modules\_egg-multipart@2.10.3@egg-multipart\app\schedule\clean_tmpdir.js
2020-06-27 11:02:53,662 INFO 3132 [egg-schedule]: register schedule C:\Users\ddd\Desktop\shopping-ly\server\node_modules\_egg-logrotator@3.1.0@egg-logrotator\app\schedule\clean_log.js
2020-06-27 11:02:53,662 INFO 3132 [egg-schedule]: register schedule C:\Users\ddd\Desktop\shopping-ly\server\node_modules\_egg-logrotator@3.1.0@egg-logrotator\app\schedule\rotate_by_file.js
2020-06-27 11:02:55,158 INFO 6880 [Timer] C:\Users\ddd\Desktop\shopping-ly\server\node_modules\_egg-multipart@2.10.3@egg-multipart\app\schedule\clean_tmpdir.js next time will execute after 62824844ms at 2020-06-28 04:30:00.002
2020-06-27 11:02:55,159 INFO 6880 [Timer] C:\Users\ddd\Desktop\shopping-ly\server\node_modules\_egg-logrotator@3.1.0@egg-logrotator\app\schedule\clean_log.js next time will execute after 46624842ms at 2020-06-28 00:00:00.001
2020-06-27 11:02:55,159 INFO 6880 [Timer] C:\Users\ddd\Desktop\shopping-ly\server\node_modules\_egg-logrotator@3.1.0@egg-logrotator\app\schedule\rotate_by_file.js next time will execute after 46625841ms at 2020-06-28 00:00:01.000
2020-06-27 22:58:05,080 INFO 12320 [egg-schedule]: register schedule C:\Users\ddd\Desktop\shopping-ly\server\node_modules\_egg-multipart@2.10.3@egg-multipart\app\schedule\clean_tmpdir.js
2020-06-27 22:58:05,080 INFO 12320 [egg-schedule]: register schedule C:\Users\ddd\Desktop\shopping-ly\server\node_modules\_egg-logrotator@3.1.0@egg-logrotator\app\schedule\clean_log.js
2020-06-27 22:58:05,080 INFO 12320 [egg-schedule]: register schedule C:\Users\ddd\Desktop\shopping-ly\server\node_modules\_egg-logrotator@3.1.0@egg-logrotator\app\schedule\rotate_by_file.js
2020-06-27 22:58:07,077 INFO 12496 [Timer] C:\Users\ddd\Desktop\shopping-ly\server\node_modules\_egg-multipart@2.10.3@egg-multipart\app\schedule\clean_tmpdir.js next time will execute after 19912926ms at 2020-06-28 04:30:00.003
2020-06-27 22:58:07,077 INFO 12496 [Timer] C:\Users\ddd\Desktop\shopping-ly\server\node_modules\_egg-logrotator@3.1.0@egg-logrotator\app\schedule\clean_log.js next time will execute after 3712923ms at 2020-06-28 00:00:00.000
2020-06-27 22:58:07,077 INFO 12496 [Timer] C:\Users\ddd\Desktop\shopping-ly\server\node_modules\_egg-logrotator@3.1.0@egg-logrotator\app\schedule\rotate_by_file.js next time will execute after 3713923ms at 2020-06-28 00:00:01.000
2020-06-27 22:58:07,812 INFO 17340 [egg-schedule]: register schedule C:\Users\ddd\Desktop\shopping-ly\server\node_modules\_egg-multipart@2.10.3@egg-multipart\app\schedule\clean_tmpdir.js
2020-06-27 22:58:07,812 INFO 17340 [egg-schedule]: register schedule C:\Users\ddd\Desktop\shopping-ly\server\node_modules\_egg-logrotator@3.1.0@egg-logrotator\app\schedule\clean_log.js
2020-06-27 22:58:07,812 INFO 17340 [egg-schedule]: register schedule C:\Users\ddd\Desktop\shopping-ly\server\node_modules\_egg-logrotator@3.1.0@egg-logrotator\app\schedule\rotate_by_file.js
2020-06-27 22:58:11,430 INFO 8844 [egg-schedule]: register schedule C:\Users\ddd\Desktop\shopping-ly\server\node_modules\_egg-multipart@2.10.3@egg-multipart\app\schedule\clean_tmpdir.js
2020-06-27 22:58:11,431 INFO 8844 [egg-schedule]: register schedule C:\Users\ddd\Desktop\shopping-ly\server\node_modules\_egg-logrotator@3.1.0@egg-logrotator\app\schedule\clean_log.js
2020-06-27 22:58:11,431 INFO 8844 [egg-schedule]: register schedule C:\Users\ddd\Desktop\shopping-ly\server\node_modules\_egg-logrotator@3.1.0@egg-logrotator\app\schedule\rotate_by_file.js
2020-06-28 08:36:14,735 INFO 3220 [egg-schedule]: register schedule C:\Users\ddd\Desktop\shopping-ly\server\node_modules\_egg-multipart@2.10.3@egg-multipart\app\schedule\clean_tmpdir.js
2020-06-28 08:36:14,735 INFO 3220 [egg-schedule]: register schedule C:\Users\ddd\Desktop\shopping-ly\server\node_modules\_egg-logrotator@3.1.0@egg-logrotator\app\schedule\clean_log.js
2020-06-28 08:36:14,735 INFO 3220 [egg-schedule]: register schedule C:\Users\ddd\Desktop\shopping-ly\server\node_modules\_egg-logrotator@3.1.0@egg-logrotator\app\schedule\rotate_by_file.js
2020-06-28 08:36:16,631 INFO 1208 [Timer] C:\Users\ddd\Desktop\shopping-ly\server\node_modules\_egg-multipart@2.10.3@egg-multipart\app\schedule\clean_tmpdir.js next time will execute after 71623371ms at 2020-06-29 04:30:00.002
2020-06-28 08:36:16,632 INFO 1208 [Timer] C:\Users\ddd\Desktop\shopping-ly\server\node_modules\_egg-logrotator@3.1.0@egg-logrotator\app\schedule\clean_log.js next time will execute after 55423369ms at 2020-06-29 00:00:00.001
2020-06-28 08:36:16,632 INFO 1208 [Timer] C:\Users\ddd\Desktop\shopping-ly\server\node_modules\_egg-logrotator@3.1.0@egg-logrotator\app\schedule\rotate_by_file.js next time will execute after 55424368ms at 2020-06-29 00:00:01.000
2020-06-28 08:36:17,203 INFO 13260 [egg-schedule]: register schedule C:\Users\ddd\Desktop\shopping-ly\server\node_modules\_egg-multipart@2.10.3@egg-multipart\app\schedule\clean_tmpdir.js
2020-06-28 08:36:17,203 INFO 13260 [egg-schedule]: register schedule C:\Users\ddd\Desktop\shopping-ly\server\node_modules\_egg-logrotator@3.1.0@egg-logrotator\app\schedule\clean_log.js
2020-06-28 08:36:17,203 INFO 13260 [egg-schedule]: register schedule C:\Users\ddd\Desktop\shopping-ly\server\node_modules\_egg-logrotator@3.1.0@egg-logrotator\app\schedule\rotate_by_file.js
2020-06-28 08:36:20,652 INFO 5404 [egg-schedule]: register schedule C:\Users\ddd\Desktop\shopping-ly\server\node_modules\_egg-multipart@2.10.3@egg-multipart\app\schedule\clean_tmpdir.js
2020-06-28 08:36:20,652 INFO 5404 [egg-schedule]: register schedule C:\Users\ddd\Desktop\shopping-ly\server\node_modules\_egg-logrotator@3.1.0@egg-logrotator\app\schedule\clean_log.js
2020-06-28 08:36:20,652 INFO 5404 [egg-schedule]: register schedule C:\Users\ddd\Desktop\shopping-ly\server\node_modules\_egg-logrotator@3.1.0@egg-logrotator\app\schedule\rotate_by_file.js
2020-06-28 22:11:02,897 INFO 8488 [egg-schedule]: register schedule C:\Users\ddd\Desktop\shopping-ly\server\node_modules\_egg-multipart@2.10.3@egg-multipart\app\schedule\clean_tmpdir.js
2020-06-28 22:11:02,897 INFO 8488 [egg-schedule]: register schedule C:\Users\ddd\Desktop\shopping-ly\server\node_modules\_egg-logrotator@3.1.0@egg-logrotator\app\schedule\clean_log.js
2020-06-28 22:11:02,897 INFO 8488 [egg-schedule]: register schedule C:\Users\ddd\Desktop\shopping-ly\server\node_modules\_egg-logrotator@3.1.0@egg-logrotator\app\schedule\rotate_by_file.js
2020-06-28 22:11:04,767 INFO 3772 [Timer] C:\Users\ddd\Desktop\shopping-ly\server\node_modules\_egg-multipart@2.10.3@egg-multipart\app\schedule\clean_tmpdir.js next time will execute after 22735237ms at 2020-06-29 04:30:00.004
2020-06-28 22:11:04,767 INFO 3772 [Timer] C:\Users\ddd\Desktop\shopping-ly\server\node_modules\_egg-logrotator@3.1.0@egg-logrotator\app\schedule\clean_log.js next time will execute after 6535233ms at 2020-06-29 00:00:00.000
2020-06-28 22:11:04,768 INFO 3772 [Timer] C:\Users\ddd\Desktop\shopping-ly\server\node_modules\_egg-logrotator@3.1.0@egg-logrotator\app\schedule\rotate_by_file.js next time will execute after 6536233ms at 2020-06-29 00:00:01.001
2020-06-28 22:11:05,333 INFO 1936 [egg-schedule]: register schedule C:\Users\ddd\Desktop\shopping-ly\server\node_modules\_egg-multipart@2.10.3@egg-multipart\app\schedule\clean_tmpdir.js
2020-06-28 22:11:05,334 INFO 1936 [egg-schedule]: register schedule C:\Users\ddd\Desktop\shopping-ly\server\node_modules\_egg-logrotator@3.1.0@egg-logrotator\app\schedule\clean_log.js
2020-06-28 22:11:05,334 INFO 1936 [egg-schedule]: register schedule C:\Users\ddd\Desktop\shopping-ly\server\node_modules\_egg-logrotator@3.1.0@egg-logrotator\app\schedule\rotate_by_file.js
2020-06-28 22:11:08,836 INFO 9672 [egg-schedule]: register schedule C:\Users\ddd\Desktop\shopping-ly\server\node_modules\_egg-multipart@2.10.3@egg-multipart\app\schedule\clean_tmpdir.js
2020-06-28 22:11:08,836 INFO 9672 [egg-schedule]: register schedule C:\Users\ddd\Desktop\shopping-ly\server\node_modules\_egg-logrotator@3.1.0@egg-logrotator\app\schedule\clean_log.js
2020-06-28 22:11:08,836 INFO 9672 [egg-schedule]: register schedule C:\Users\ddd\Desktop\shopping-ly\server\node_modules\_egg-logrotator@3.1.0@egg-logrotator\app\schedule\rotate_by_file.js
2020-06-29 08:28:39,732 INFO 10000 [egg-schedule]: register schedule C:\Users\ddd\Desktop\shopping-ly\server\node_modules\_egg-multipart@2.10.3@egg-multipart\app\schedule\clean_tmpdir.js
2020-06-29 08:28:39,732 INFO 10000 [egg-schedule]: register schedule C:\Users\ddd\Desktop\shopping-ly\server\node_modules\_egg-logrotator@3.1.0@egg-logrotator\app\schedule\clean_log.js
2020-06-29 08:28:39,732 INFO 10000 [egg-schedule]: register schedule C:\Users\ddd\Desktop\shopping-ly\server\node_modules\_egg-logrotator@3.1.0@egg-logrotator\app\schedule\rotate_by_file.js
2020-06-29 08:28:41,315 INFO 4856 [Timer] C:\Users\ddd\Desktop\shopping-ly\server\node_modules\_egg-multipart@2.10.3@egg-multipart\app\schedule\clean_tmpdir.js next time will execute after 72078688ms at 2020-06-30 04:30:00.003
2020-06-29 08:28:41,315 INFO 4856 [Timer] C:\Users\ddd\Desktop\shopping-ly\server\node_modules\_egg-logrotator@3.1.0@egg-logrotator\app\schedule\clean_log.js next time will execute after 55878685ms at 2020-06-30 00:00:00.000
2020-06-29 08:28:41,315 INFO 4856 [Timer] C:\Users\ddd\Desktop\shopping-ly\server\node_modules\_egg-logrotator@3.1.0@egg-logrotator\app\schedule\rotate_by_file.js next time will execute after 55879685ms at 2020-06-30 00:00:01.000
2020-06-29 08:28:41,872 INFO 15116 [egg-schedule]: register schedule C:\Users\ddd\Desktop\shopping-ly\server\node_modules\_egg-multipart@2.10.3@egg-multipart\app\schedule\clean_tmpdir.js
2020-06-29 08:28:41,872 INFO 15116 [egg-schedule]: register schedule C:\Users\ddd\Desktop\shopping-ly\server\node_modules\_egg-logrotator@3.1.0@egg-logrotator\app\schedule\clean_log.js
2020-06-29 08:28:41,872 INFO 15116 [egg-schedule]: register schedule C:\Users\ddd\Desktop\shopping-ly\server\node_modules\_egg-logrotator@3.1.0@egg-logrotator\app\schedule\rotate_by_file.js
2020-06-29 08:28:45,216 INFO 2020 [egg-schedule]: register schedule C:\Users\ddd\Desktop\shopping-ly\server\node_modules\_egg-multipart@2.10.3@egg-multipart\app\schedule\clean_tmpdir.js
2020-06-29 08:28:45,216 INFO 2020 [egg-schedule]: register schedule C:\Users\ddd\Desktop\shopping-ly\server\node_modules\_egg-logrotator@3.1.0@egg-logrotator\app\schedule\clean_log.js
2020-06-29 08:28:45,216 INFO 2020 [egg-schedule]: register schedule C:\Users\ddd\Desktop\shopping-ly\server\node_modules\_egg-logrotator@3.1.0@egg-logrotator\app\schedule\rotate_by_file.js
2020-06-30 08:47:08,706 INFO 11756 [egg-schedule]: register schedule C:\Users\ddd\Desktop\shopping-ly\server\node_modules\_egg-multipart@2.10.3@egg-multipart\app\schedule\clean_tmpdir.js
2020-06-30 08:47:08,706 INFO 11756 [egg-schedule]: register schedule C:\Users\ddd\Desktop\shopping-ly\server\node_modules\_egg-logrotator@3.1.0@egg-logrotator\app\schedule\clean_log.js
2020-06-30 08:47:08,706 INFO 11756 [egg-schedule]: register schedule C:\Users\ddd\Desktop\shopping-ly\server\node_modules\_egg-logrotator@3.1.0@egg-logrotator\app\schedule\rotate_by_file.js
2020-06-30 08:47:10,336 INFO 2392 [Timer] C:\Users\ddd\Desktop\shopping-ly\server\node_modules\_egg-multipart@2.10.3@egg-multipart\app\schedule\clean_tmpdir.js next time will execute after 70969667ms at 2020-07-01 04:30:00.003
2020-06-30 08:47:10,336 INFO 2392 [Timer] C:\Users\ddd\Desktop\shopping-ly\server\node_modules\_egg-logrotator@3.1.0@egg-logrotator\app\schedule\clean_log.js next time will execute after 54769664ms at 2020-07-01 00:00:00.000
2020-06-30 08:47:10,336 INFO 2392 [Timer] C:\Users\ddd\Desktop\shopping-ly\server\node_modules\_egg-logrotator@3.1.0@egg-logrotator\app\schedule\rotate_by_file.js next time will execute after 54770664ms at 2020-07-01 00:00:01.000
2020-06-30 08:47:10,896 INFO 3632 [egg-schedule]: register schedule C:\Users\ddd\Desktop\shopping-ly\server\node_modules\_egg-multipart@2.10.3@egg-multipart\app\schedule\clean_tmpdir.js
2020-06-30 08:47:10,896 INFO 3632 [egg-schedule]: register schedule C:\Users\ddd\Desktop\shopping-ly\server\node_modules\_egg-logrotator@3.1.0@egg-logrotator\app\schedule\clean_log.js
2020-06-30 08:47:10,896 INFO 3632 [egg-schedule]: register schedule C:\Users\ddd\Desktop\shopping-ly\server\node_modules\_egg-logrotator@3.1.0@egg-logrotator\app\schedule\rotate_by_file.js
2020-06-30 08:47:13,895 INFO 12684 [egg-schedule]: register schedule C:\Users\ddd\Desktop\shopping-ly\server\node_modules\_egg-multipart@2.10.3@egg-multipart\app\schedule\clean_tmpdir.js
2020-06-30 08:47:13,895 INFO 12684 [egg-schedule]: register schedule C:\Users\ddd\Desktop\shopping-ly\server\node_modules\_egg-logrotator@3.1.0@egg-logrotator\app\schedule\clean_log.js
2020-06-30 08:47:13,895 INFO 12684 [egg-schedule]: register schedule C:\Users\ddd\Desktop\shopping-ly\server\node_modules\_egg-logrotator@3.1.0@egg-logrotator\app\schedule\rotate_by_file.js
2020-06-30 10:09:29,072 INFO 15052 [egg-schedule]: register schedule C:\Users\ddd\Desktop\shopping-ly\server\node_modules\_egg-multipart@2.10.3@egg-multipart\app\schedule\clean_tmpdir.js
2020-06-30 10:09:29,072 INFO 15052 [egg-schedule]: register schedule C:\Users\ddd\Desktop\shopping-ly\server\node_modules\_egg-logrotator@3.1.0@egg-logrotator\app\schedule\clean_log.js
2020-06-30 10:09:29,072 INFO 15052 [egg-schedule]: register schedule C:\Users\ddd\Desktop\shopping-ly\server\node_modules\_egg-logrotator@3.1.0@egg-logrotator\app\schedule\rotate_by_file.js
2020-06-30 10:09:33,105 INFO 3980 [egg-schedule]: register schedule C:\Users\ddd\Desktop\shopping-ly\server\node_modules\_egg-multipart@2.10.3@egg-multipart\app\schedule\clean_tmpdir.js
2020-06-30 10:09:33,105 INFO 3980 [egg-schedule]: register schedule C:\Users\ddd\Desktop\shopping-ly\server\node_modules\_egg-logrotator@3.1.0@egg-logrotator\app\schedule\clean_log.js
2020-06-30 10:09:33,105 INFO 3980 [egg-schedule]: register schedule C:\Users\ddd\Desktop\shopping-ly\server\node_modules\_egg-logrotator@3.1.0@egg-logrotator\app\schedule\rotate_by_file.js
