2020-06-27 00:00:01,016 INFO 2636 [egg-logrotator] app logger reload: got log-reload message
2020-06-27 11:02:53,621 INFO 3132 [egg:logger] init all loggers with options: {"dir":"C:\\Users\\ddd\\Desktop\\shopping-ly\\server\\logs\\server","encoding":"utf8","env":"local","level":"INFO","consoleLevel":"INFO","disableConsoleAfterReady":false,"outputJSON":false,"buffer":true,"appLogName":"server-web.log","coreLogName":"egg-web.log","agentLogName":"egg-agent.log","errorLogName":"common-error.log","coreLogger":{"consoleLevel":"WARN"},"allowDebugAtProd":false,"type":"application"}
2020-06-27 11:02:53,662 INFO 3132 [egg-multipart] stream mode enable
2020-06-27 11:02:54,408 INFO 3132 [egg-mongoose] connecting mongodb://127.0.0.1/shoppingMall
2020-06-27 11:02:55,011 INFO 3132 [egg-static] starting static serve /public/ -> C:\Users\ddd\Desktop\shopping-ly\server\app\public
2020-06-27 11:02:55,016 INFO 3132 [egg-security] use methodnoallow middleware
2020-06-27 11:02:55,018 INFO 3132 [egg-security] use noopen middleware
2020-06-27 11:02:55,021 INFO 3132 [egg-security] use nosniff middleware
2020-06-27 11:02:55,022 INFO 3132 [egg-security] use xssProtection middleware
2020-06-27 11:02:55,023 INFO 3132 [egg-security] use xframe middleware
2020-06-27 11:02:55,024 INFO 3132 [egg-security] use dta middleware
2020-06-27 11:02:55,024 INFO 3132 [egg-security] compose 6 middlewares into one security middleware
2020-06-27 11:02:55,058 INFO 3132 [egg:core] dump config after load, 6ms
2020-06-27 11:02:55,062 INFO 3132 [egg-mongoose] starting...
2020-06-27 11:02:55,119 INFO 3132 [egg-mongoose] mongodb://127.0.0.1/shoppingMall connected successfully
2020-06-27 11:02:55,128 INFO 3132 [egg-mongoose] instance[0] start successfully
2020-06-27 11:02:55,135 INFO 3132 [egg-watcher:application] watcher start success
2020-06-27 11:02:55,148 INFO 3132 [egg:core] dump config after ready, 9ms
2020-06-27 22:58:05,037 INFO 12320 [egg:logger] init all loggers with options: {"dir":"C:\\Users\\ddd\\Desktop\\shopping-ly\\server\\logs\\server","encoding":"utf8","env":"local","level":"INFO","consoleLevel":"INFO","disableConsoleAfterReady":false,"outputJSON":false,"buffer":true,"appLogName":"server-web.log","coreLogName":"egg-web.log","agentLogName":"egg-agent.log","errorLogName":"common-error.log","coreLogger":{"consoleLevel":"WARN"},"allowDebugAtProd":false,"type":"application"}
2020-06-27 22:58:05,081 INFO 12320 [egg-multipart] stream mode enable
2020-06-27 22:58:06,086 INFO 12320 [egg-mongoose] connecting mongodb://127.0.0.1/shoppingMall
2020-06-27 22:58:06,846 INFO 12320 [egg-static] starting static serve /public/ -> C:\Users\ddd\Desktop\shopping-ly\server\app\public
2020-06-27 22:58:06,852 INFO 12320 [egg-security] use methodnoallow middleware
2020-06-27 22:58:06,853 INFO 12320 [egg-security] use noopen middleware
2020-06-27 22:58:06,857 INFO 12320 [egg-security] use nosniff middleware
2020-06-27 22:58:06,858 INFO 12320 [egg-security] use xssProtection middleware
2020-06-27 22:58:06,859 INFO 12320 [egg-security] use xframe middleware
2020-06-27 22:58:06,861 INFO 12320 [egg-security] use dta middleware
2020-06-27 22:58:06,861 INFO 12320 [egg-security] compose 6 middlewares into one security middleware
2020-06-27 22:58:06,925 INFO 12320 [egg:core] dump config after load, 6ms
2020-06-27 22:58:06,948 INFO 12320 [egg-mongoose] starting...
2020-06-27 22:58:07,035 INFO 12320 [egg-mongoose] mongodb://127.0.0.1/shoppingMall connected successfully
2020-06-27 22:58:07,053 INFO 12320 [egg-mongoose] instance[0] start successfully
2020-06-27 22:58:07,056 INFO 12320 [egg-watcher:application] watcher start success
2020-06-27 22:58:07,068 INFO 12320 [egg:core] dump config after ready, 8ms
2020-06-27 22:58:07,765 INFO 17340 [egg:logger] init all loggers with options: {"dir":"C:\\Users\\ddd\\Desktop\\shopping-ly\\server\\logs\\server","encoding":"utf8","env":"local","level":"INFO","consoleLevel":"INFO","disableConsoleAfterReady":false,"outputJSON":false,"buffer":true,"appLogName":"server-web.log","coreLogName":"egg-web.log","agentLogName":"egg-agent.log","errorLogName":"common-error.log","coreLogger":{"consoleLevel":"WARN"},"allowDebugAtProd":false,"type":"application"}
2020-06-27 22:58:07,813 INFO 17340 [egg-multipart] stream mode enable
2020-06-27 22:58:08,557 INFO 17340 [egg-mongoose] connecting mongodb://127.0.0.1/shoppingMall
2020-06-27 22:58:09,076 INFO 17340 [egg-static] starting static serve /public/ -> C:\Users\ddd\Desktop\shopping-ly\server\app\public
2020-06-27 22:58:09,081 INFO 17340 [egg-security] use methodnoallow middleware
2020-06-27 22:58:09,082 INFO 17340 [egg-security] use noopen middleware
2020-06-27 22:58:09,085 INFO 17340 [egg-security] use nosniff middleware
2020-06-27 22:58:09,086 INFO 17340 [egg-security] use xssProtection middleware
2020-06-27 22:58:09,087 INFO 17340 [egg-security] use xframe middleware
2020-06-27 22:58:09,088 INFO 17340 [egg-security] use dta middleware
2020-06-27 22:58:09,088 INFO 17340 [egg-security] compose 6 middlewares into one security middleware
2020-06-27 22:58:09,120 INFO 17340 [egg:core] dump config after load, 5ms
2020-06-27 22:58:09,125 INFO 17340 [egg-mongoose] starting...
2020-06-27 22:58:09,181 INFO 17340 [egg-mongoose] mongodb://127.0.0.1/shoppingMall connected successfully
2020-06-27 22:58:09,189 INFO 17340 [egg-mongoose] instance[0] start successfully
2020-06-27 22:58:09,201 INFO 17340 [egg-watcher:application] watcher start success
2020-06-27 22:58:09,210 INFO 17340 [egg:core] dump config after ready, 8ms
2020-06-27 22:58:11,392 INFO 8844 [egg:logger] init all loggers with options: {"dir":"C:\\Users\\ddd\\Desktop\\shopping-ly\\server\\logs\\server","encoding":"utf8","env":"local","level":"INFO","consoleLevel":"INFO","disableConsoleAfterReady":false,"outputJSON":false,"buffer":true,"appLogName":"server-web.log","coreLogName":"egg-web.log","agentLogName":"egg-agent.log","errorLogName":"common-error.log","coreLogger":{"consoleLevel":"WARN"},"allowDebugAtProd":false,"type":"application"}
2020-06-27 22:58:11,431 INFO 8844 [egg-multipart] stream mode enable
2020-06-27 22:58:12,117 INFO 8844 [egg-mongoose] connecting mongodb://127.0.0.1/shoppingMall
2020-06-27 22:58:12,692 INFO 8844 [egg-static] starting static serve /public/ -> C:\Users\ddd\Desktop\shopping-ly\server\app\public
2020-06-27 22:58:12,697 INFO 8844 [egg-security] use methodnoallow middleware
2020-06-27 22:58:12,698 INFO 8844 [egg-security] use noopen middleware
2020-06-27 22:58:12,701 INFO 8844 [egg-security] use nosniff middleware
2020-06-27 22:58:12,702 INFO 8844 [egg-security] use xssProtection middleware
2020-06-27 22:58:12,703 INFO 8844 [egg-security] use xframe middleware
2020-06-27 22:58:12,704 INFO 8844 [egg-security] use dta middleware
2020-06-27 22:58:12,704 INFO 8844 [egg-security] compose 6 middlewares into one security middleware
2020-06-27 22:58:12,735 INFO 8844 [egg:core] dump config after load, 6ms
2020-06-27 22:58:12,740 INFO 8844 [egg-mongoose] starting...
2020-06-27 22:58:12,794 INFO 8844 [egg-mongoose] mongodb://127.0.0.1/shoppingMall connected successfully
2020-06-27 22:58:12,807 INFO 8844 [egg-mongoose] instance[0] start successfully
2020-06-27 22:58:12,813 INFO 8844 [egg-watcher:application] watcher start success
2020-06-27 22:58:12,821 INFO 8844 [egg:core] dump config after ready, 7ms
2020-06-28 08:36:14,695 INFO 3220 [egg:logger] init all loggers with options: {"dir":"C:\\Users\\ddd\\Desktop\\shopping-ly\\server\\logs\\server","encoding":"utf8","env":"local","level":"INFO","consoleLevel":"INFO","disableConsoleAfterReady":false,"outputJSON":false,"buffer":true,"appLogName":"server-web.log","coreLogName":"egg-web.log","agentLogName":"egg-agent.log","errorLogName":"common-error.log","coreLogger":{"consoleLevel":"WARN"},"allowDebugAtProd":false,"type":"application"}
2020-06-28 08:36:14,735 INFO 3220 [egg-multipart] stream mode enable
2020-06-28 08:36:15,613 INFO 3220 [egg-mongoose] connecting mongodb://127.0.0.1/shoppingMall
2020-06-28 08:36:16,467 INFO 3220 [egg-static] starting static serve /public/ -> C:\Users\ddd\Desktop\shopping-ly\server\app\public
2020-06-28 08:36:16,472 INFO 3220 [egg-security] use methodnoallow middleware
2020-06-28 08:36:16,473 INFO 3220 [egg-security] use noopen middleware
2020-06-28 08:36:16,476 INFO 3220 [egg-security] use nosniff middleware
2020-06-28 08:36:16,477 INFO 3220 [egg-security] use xssProtection middleware
2020-06-28 08:36:16,478 INFO 3220 [egg-security] use xframe middleware
2020-06-28 08:36:16,479 INFO 3220 [egg-security] use dta middleware
2020-06-28 08:36:16,479 INFO 3220 [egg-security] compose 6 middlewares into one security middleware
2020-06-28 08:36:16,516 INFO 3220 [egg:core] dump config after load, 6ms
2020-06-28 08:36:16,521 INFO 3220 [egg-mongoose] starting...
2020-06-28 08:36:16,597 INFO 3220 [egg-mongoose] mongodb://127.0.0.1/shoppingMall connected successfully
2020-06-28 08:36:16,608 INFO 3220 [egg-mongoose] instance[0] start successfully
2020-06-28 08:36:16,611 INFO 3220 [egg-watcher:application] watcher start success
2020-06-28 08:36:16,622 INFO 3220 [egg:core] dump config after ready, 7ms
2020-06-28 08:36:17,163 INFO 13260 [egg:logger] init all loggers with options: {"dir":"C:\\Users\\ddd\\Desktop\\shopping-ly\\server\\logs\\server","encoding":"utf8","env":"local","level":"INFO","consoleLevel":"INFO","disableConsoleAfterReady":false,"outputJSON":false,"buffer":true,"appLogName":"server-web.log","coreLogName":"egg-web.log","agentLogName":"egg-agent.log","errorLogName":"common-error.log","coreLogger":{"consoleLevel":"WARN"},"allowDebugAtProd":false,"type":"application"}
2020-06-28 08:36:17,203 INFO 13260 [egg-multipart] stream mode enable
2020-06-28 08:36:17,790 INFO 13260 [egg-mongoose] connecting mongodb://127.0.0.1/shoppingMall
2020-06-28 08:36:18,257 INFO 13260 [egg-static] starting static serve /public/ -> C:\Users\ddd\Desktop\shopping-ly\server\app\public
2020-06-28 08:36:18,261 INFO 13260 [egg-security] use methodnoallow middleware
2020-06-28 08:36:18,262 INFO 13260 [egg-security] use noopen middleware
2020-06-28 08:36:18,265 INFO 13260 [egg-security] use nosniff middleware
2020-06-28 08:36:18,266 INFO 13260 [egg-security] use xssProtection middleware
2020-06-28 08:36:18,267 INFO 13260 [egg-security] use xframe middleware
2020-06-28 08:36:18,268 INFO 13260 [egg-security] use dta middleware
2020-06-28 08:36:18,268 INFO 13260 [egg-security] compose 6 middlewares into one security middleware
2020-06-28 08:36:18,295 INFO 13260 [egg:core] dump config after load, 5ms
2020-06-28 08:36:18,299 INFO 13260 [egg-mongoose] starting...
2020-06-28 08:36:18,351 INFO 13260 [egg-mongoose] mongodb://127.0.0.1/shoppingMall connected successfully
2020-06-28 08:36:18,363 INFO 13260 [egg-mongoose] instance[0] start successfully
2020-06-28 08:36:18,369 INFO 13260 [egg-watcher:application] watcher start success
2020-06-28 08:36:18,378 INFO 13260 [egg:core] dump config after ready, 6ms
2020-06-28 08:36:20,616 INFO 5404 [egg:logger] init all loggers with options: {"dir":"C:\\Users\\ddd\\Desktop\\shopping-ly\\server\\logs\\server","encoding":"utf8","env":"local","level":"INFO","consoleLevel":"INFO","disableConsoleAfterReady":false,"outputJSON":false,"buffer":true,"appLogName":"server-web.log","coreLogName":"egg-web.log","agentLogName":"egg-agent.log","errorLogName":"common-error.log","coreLogger":{"consoleLevel":"WARN"},"allowDebugAtProd":false,"type":"application"}
2020-06-28 08:36:20,653 INFO 5404 [egg-multipart] stream mode enable
2020-06-28 08:36:21,273 INFO 5404 [egg-mongoose] connecting mongodb://127.0.0.1/shoppingMall
2020-06-28 08:36:21,790 INFO 5404 [egg-static] starting static serve /public/ -> C:\Users\ddd\Desktop\shopping-ly\server\app\public
2020-06-28 08:36:21,795 INFO 5404 [egg-security] use methodnoallow middleware
2020-06-28 08:36:21,796 INFO 5404 [egg-security] use noopen middleware
2020-06-28 08:36:21,799 INFO 5404 [egg-security] use nosniff middleware
2020-06-28 08:36:21,801 INFO 5404 [egg-security] use xssProtection middleware
2020-06-28 08:36:21,802 INFO 5404 [egg-security] use xframe middleware
2020-06-28 08:36:21,803 INFO 5404 [egg-security] use dta middleware
2020-06-28 08:36:21,803 INFO 5404 [egg-security] compose 6 middlewares into one security middleware
2020-06-28 08:36:21,834 INFO 5404 [egg:core] dump config after load, 5ms
2020-06-28 08:36:21,838 INFO 5404 [egg-mongoose] starting...
2020-06-28 08:36:21,906 INFO 5404 [egg-mongoose] mongodb://127.0.0.1/shoppingMall connected successfully
2020-06-28 08:36:21,918 INFO 5404 [egg-mongoose] instance[0] start successfully
2020-06-28 08:36:21,923 INFO 5404 [egg-watcher:application] watcher start success
2020-06-28 08:36:21,934 INFO 5404 [egg:core] dump config after ready, 9ms
2020-06-28 22:11:02,848 INFO 8488 [egg:logger] init all loggers with options: {"dir":"C:\\Users\\ddd\\Desktop\\shopping-ly\\server\\logs\\server","encoding":"utf8","env":"local","level":"INFO","consoleLevel":"INFO","disableConsoleAfterReady":false,"outputJSON":false,"buffer":true,"appLogName":"server-web.log","coreLogName":"egg-web.log","agentLogName":"egg-agent.log","errorLogName":"common-error.log","coreLogger":{"consoleLevel":"WARN"},"allowDebugAtProd":false,"type":"application"}
2020-06-28 22:11:02,898 INFO 8488 [egg-multipart] stream mode enable
2020-06-28 22:11:03,870 INFO 8488 [egg-mongoose] connecting mongodb://127.0.0.1/shoppingMall
2020-06-28 22:11:04,559 INFO 8488 [egg-static] starting static serve /public/ -> C:\Users\ddd\Desktop\shopping-ly\server\app\public
2020-06-28 22:11:04,565 INFO 8488 [egg-security] use methodnoallow middleware
2020-06-28 22:11:04,567 INFO 8488 [egg-security] use noopen middleware
2020-06-28 22:11:04,572 INFO 8488 [egg-security] use nosniff middleware
2020-06-28 22:11:04,574 INFO 8488 [egg-security] use xssProtection middleware
2020-06-28 22:11:04,575 INFO 8488 [egg-security] use xframe middleware
2020-06-28 22:11:04,576 INFO 8488 [egg-security] use dta middleware
2020-06-28 22:11:04,576 INFO 8488 [egg-security] compose 6 middlewares into one security middleware
2020-06-28 22:11:04,641 INFO 8488 [egg:core] dump config after load, 6ms
2020-06-28 22:11:04,646 INFO 8488 [egg-mongoose] starting...
2020-06-28 22:11:04,724 INFO 8488 [egg-mongoose] mongodb://127.0.0.1/shoppingMall connected successfully
2020-06-28 22:11:04,741 INFO 8488 [egg-mongoose] instance[0] start successfully
2020-06-28 22:11:04,744 INFO 8488 [egg-watcher:application] watcher start success
2020-06-28 22:11:04,757 INFO 8488 [egg:core] dump config after ready, 9ms
2020-06-28 22:11:05,297 INFO 1936 [egg:logger] init all loggers with options: {"dir":"C:\\Users\\ddd\\Desktop\\shopping-ly\\server\\logs\\server","encoding":"utf8","env":"local","level":"INFO","consoleLevel":"INFO","disableConsoleAfterReady":false,"outputJSON":false,"buffer":true,"appLogName":"server-web.log","coreLogName":"egg-web.log","agentLogName":"egg-agent.log","errorLogName":"common-error.log","coreLogger":{"consoleLevel":"WARN"},"allowDebugAtProd":false,"type":"application"}
2020-06-28 22:11:05,334 INFO 1936 [egg-multipart] stream mode enable
2020-06-28 22:11:05,967 INFO 1936 [egg-mongoose] connecting mongodb://127.0.0.1/shoppingMall
2020-06-28 22:11:06,466 INFO 1936 [egg-static] starting static serve /public/ -> C:\Users\ddd\Desktop\shopping-ly\server\app\public
2020-06-28 22:11:06,471 INFO 1936 [egg-security] use methodnoallow middleware
2020-06-28 22:11:06,472 INFO 1936 [egg-security] use noopen middleware
2020-06-28 22:11:06,475 INFO 1936 [egg-security] use nosniff middleware
2020-06-28 22:11:06,476 INFO 1936 [egg-security] use xssProtection middleware
2020-06-28 22:11:06,477 INFO 1936 [egg-security] use xframe middleware
2020-06-28 22:11:06,478 INFO 1936 [egg-security] use dta middleware
2020-06-28 22:11:06,478 INFO 1936 [egg-security] compose 6 middlewares into one security middleware
2020-06-28 22:11:06,513 INFO 1936 [egg:core] dump config after load, 7ms
2020-06-28 22:11:06,517 INFO 1936 [egg-mongoose] starting...
2020-06-28 22:11:06,569 INFO 1936 [egg-mongoose] mongodb://127.0.0.1/shoppingMall connected successfully
2020-06-28 22:11:06,581 INFO 1936 [egg-mongoose] instance[0] start successfully
2020-06-28 22:11:06,586 INFO 1936 [egg-watcher:application] watcher start success
2020-06-28 22:11:06,595 INFO 1936 [egg:core] dump config after ready, 8ms
2020-06-28 22:11:08,799 INFO 9672 [egg:logger] init all loggers with options: {"dir":"C:\\Users\\ddd\\Desktop\\shopping-ly\\server\\logs\\server","encoding":"utf8","env":"local","level":"INFO","consoleLevel":"INFO","disableConsoleAfterReady":false,"outputJSON":false,"buffer":true,"appLogName":"server-web.log","coreLogName":"egg-web.log","agentLogName":"egg-agent.log","errorLogName":"common-error.log","coreLogger":{"consoleLevel":"WARN"},"allowDebugAtProd":false,"type":"application"}
2020-06-28 22:11:08,836 INFO 9672 [egg-multipart] stream mode enable
2020-06-28 22:11:09,497 INFO 9672 [egg-mongoose] connecting mongodb://127.0.0.1/shoppingMall
2020-06-28 22:11:10,032 INFO 9672 [egg-static] starting static serve /public/ -> C:\Users\ddd\Desktop\shopping-ly\server\app\public
2020-06-28 22:11:10,037 INFO 9672 [egg-security] use methodnoallow middleware
2020-06-28 22:11:10,038 INFO 9672 [egg-security] use noopen middleware
2020-06-28 22:11:10,041 INFO 9672 [egg-security] use nosniff middleware
2020-06-28 22:11:10,042 INFO 9672 [egg-security] use xssProtection middleware
2020-06-28 22:11:10,043 INFO 9672 [egg-security] use xframe middleware
2020-06-28 22:11:10,044 INFO 9672 [egg-security] use dta middleware
2020-06-28 22:11:10,044 INFO 9672 [egg-security] compose 6 middlewares into one security middleware
2020-06-28 22:11:10,076 INFO 9672 [egg:core] dump config after load, 5ms
2020-06-28 22:11:10,081 INFO 9672 [egg-mongoose] starting...
2020-06-28 22:11:10,158 INFO 9672 [egg-mongoose] mongodb://127.0.0.1/shoppingMall connected successfully
2020-06-28 22:11:10,174 INFO 9672 [egg-mongoose] instance[0] start successfully
2020-06-28 22:11:10,179 INFO 9672 [egg-watcher:application] watcher start success
2020-06-28 22:11:10,186 INFO 9672 [egg:core] dump config after ready, 6ms
2020-06-29 08:28:39,698 INFO 10000 [egg:logger] init all loggers with options: {"dir":"C:\\Users\\ddd\\Desktop\\shopping-ly\\server\\logs\\server","encoding":"utf8","env":"local","level":"INFO","consoleLevel":"INFO","disableConsoleAfterReady":false,"outputJSON":false,"buffer":true,"appLogName":"server-web.log","coreLogName":"egg-web.log","agentLogName":"egg-agent.log","errorLogName":"common-error.log","coreLogger":{"consoleLevel":"WARN"},"allowDebugAtProd":false,"type":"application"}
2020-06-29 08:28:39,733 INFO 10000 [egg-multipart] stream mode enable
2020-06-29 08:28:40,518 INFO 10000 [egg-mongoose] connecting mongodb://127.0.0.1/shoppingMall
2020-06-29 08:28:41,131 INFO 10000 [egg-static] starting static serve /public/ -> C:\Users\ddd\Desktop\shopping-ly\server\app\public
2020-06-29 08:28:41,135 INFO 10000 [egg-security] use methodnoallow middleware
2020-06-29 08:28:41,137 INFO 10000 [egg-security] use noopen middleware
2020-06-29 08:28:41,140 INFO 10000 [egg-security] use nosniff middleware
2020-06-29 08:28:41,141 INFO 10000 [egg-security] use xssProtection middleware
2020-06-29 08:28:41,143 INFO 10000 [egg-security] use xframe middleware
2020-06-29 08:28:41,144 INFO 10000 [egg-security] use dta middleware
2020-06-29 08:28:41,144 INFO 10000 [egg-security] compose 6 middlewares into one security middleware
2020-06-29 08:28:41,183 INFO 10000 [egg:core] dump config after load, 6ms
2020-06-29 08:28:41,188 INFO 10000 [egg-mongoose] starting...
2020-06-29 08:28:41,278 INFO 10000 [egg-mongoose] mongodb://127.0.0.1/shoppingMall connected successfully
2020-06-29 08:28:41,285 INFO 10000 [egg-mongoose] instance[0] start successfully
2020-06-29 08:28:41,292 INFO 10000 [egg-watcher:application] watcher start success
2020-06-29 08:28:41,304 INFO 10000 [egg:core] dump config after ready, 8ms
2020-06-29 08:28:41,838 INFO 15116 [egg:logger] init all loggers with options: {"dir":"C:\\Users\\ddd\\Desktop\\shopping-ly\\server\\logs\\server","encoding":"utf8","env":"local","level":"INFO","consoleLevel":"INFO","disableConsoleAfterReady":false,"outputJSON":false,"buffer":true,"appLogName":"server-web.log","coreLogName":"egg-web.log","agentLogName":"egg-agent.log","errorLogName":"common-error.log","coreLogger":{"consoleLevel":"WARN"},"allowDebugAtProd":false,"type":"application"}
2020-06-29 08:28:41,872 INFO 15116 [egg-multipart] stream mode enable
2020-06-29 08:28:42,430 INFO 15116 [egg-mongoose] connecting mongodb://127.0.0.1/shoppingMall
2020-06-29 08:28:42,899 INFO 15116 [egg-static] starting static serve /public/ -> C:\Users\ddd\Desktop\shopping-ly\server\app\public
2020-06-29 08:28:42,903 INFO 15116 [egg-security] use methodnoallow middleware
2020-06-29 08:28:42,904 INFO 15116 [egg-security] use noopen middleware
2020-06-29 08:28:42,907 INFO 15116 [egg-security] use nosniff middleware
2020-06-29 08:28:42,908 INFO 15116 [egg-security] use xssProtection middleware
2020-06-29 08:28:42,909 INFO 15116 [egg-security] use xframe middleware
2020-06-29 08:28:42,910 INFO 15116 [egg-security] use dta middleware
2020-06-29 08:28:42,910 INFO 15116 [egg-security] compose 6 middlewares into one security middleware
2020-06-29 08:28:42,939 INFO 15116 [egg:core] dump config after load, 6ms
2020-06-29 08:28:42,944 INFO 15116 [egg-mongoose] starting...
2020-06-29 08:28:42,997 INFO 15116 [egg-mongoose] mongodb://127.0.0.1/shoppingMall connected successfully
2020-06-29 08:28:43,009 INFO 15116 [egg-mongoose] instance[0] start successfully
2020-06-29 08:28:43,014 INFO 15116 [egg-watcher:application] watcher start success
2020-06-29 08:28:43,023 INFO 15116 [egg:core] dump config after ready, 7ms
2020-06-29 08:28:45,179 INFO 2020 [egg:logger] init all loggers with options: {"dir":"C:\\Users\\ddd\\Desktop\\shopping-ly\\server\\logs\\server","encoding":"utf8","env":"local","level":"INFO","consoleLevel":"INFO","disableConsoleAfterReady":false,"outputJSON":false,"buffer":true,"appLogName":"server-web.log","coreLogName":"egg-web.log","agentLogName":"egg-agent.log","errorLogName":"common-error.log","coreLogger":{"consoleLevel":"WARN"},"allowDebugAtProd":false,"type":"application"}
2020-06-29 08:28:45,217 INFO 2020 [egg-multipart] stream mode enable
2020-06-29 08:28:45,791 INFO 2020 [egg-mongoose] connecting mongodb://127.0.0.1/shoppingMall
2020-06-29 08:28:46,276 INFO 2020 [egg-static] starting static serve /public/ -> C:\Users\ddd\Desktop\shopping-ly\server\app\public
2020-06-29 08:28:46,280 INFO 2020 [egg-security] use methodnoallow middleware
2020-06-29 08:28:46,281 INFO 2020 [egg-security] use noopen middleware
2020-06-29 08:28:46,284 INFO 2020 [egg-security] use nosniff middleware
2020-06-29 08:28:46,284 INFO 2020 [egg-security] use xssProtection middleware
2020-06-29 08:28:46,285 INFO 2020 [egg-security] use xframe middleware
2020-06-29 08:28:46,286 INFO 2020 [egg-security] use dta middleware
2020-06-29 08:28:46,286 INFO 2020 [egg-security] compose 6 middlewares into one security middleware
2020-06-29 08:28:46,313 INFO 2020 [egg:core] dump config after load, 5ms
2020-06-29 08:28:46,317 INFO 2020 [egg-mongoose] starting...
2020-06-29 08:28:46,362 INFO 2020 [egg-mongoose] mongodb://127.0.0.1/shoppingMall connected successfully
2020-06-29 08:28:46,374 INFO 2020 [egg-mongoose] instance[0] start successfully
2020-06-29 08:28:46,381 INFO 2020 [egg-watcher:application] watcher start success
2020-06-29 08:28:46,390 INFO 2020 [egg:core] dump config after ready, 6ms
2020-06-30 08:47:08,671 INFO 11756 [egg:logger] init all loggers with options: {"dir":"C:\\Users\\ddd\\Desktop\\shopping-ly\\server\\logs\\server","encoding":"utf8","env":"local","level":"INFO","consoleLevel":"INFO","disableConsoleAfterReady":false,"outputJSON":false,"buffer":true,"appLogName":"server-web.log","coreLogName":"egg-web.log","agentLogName":"egg-agent.log","errorLogName":"common-error.log","coreLogger":{"consoleLevel":"WARN"},"allowDebugAtProd":false,"type":"application"}
2020-06-30 08:47:08,706 INFO 11756 [egg-multipart] stream mode enable
2020-06-30 08:47:09,530 INFO 11756 [egg-mongoose] connecting mongodb://127.0.0.1/shoppingMall
2020-06-30 08:47:10,166 INFO 11756 [egg-static] starting static serve /public/ -> C:\Users\ddd\Desktop\shopping-ly\server\app\public
2020-06-30 08:47:10,171 INFO 11756 [egg-security] use methodnoallow middleware
2020-06-30 08:47:10,173 INFO 11756 [egg-security] use noopen middleware
2020-06-30 08:47:10,176 INFO 11756 [egg-security] use nosniff middleware
2020-06-30 08:47:10,177 INFO 11756 [egg-security] use xssProtection middleware
2020-06-30 08:47:10,178 INFO 11756 [egg-security] use xframe middleware
2020-06-30 08:47:10,179 INFO 11756 [egg-security] use dta middleware
2020-06-30 08:47:10,179 INFO 11756 [egg-security] compose 6 middlewares into one security middleware
2020-06-30 08:47:10,220 INFO 11756 [egg:core] dump config after load, 10ms
2020-06-30 08:47:10,225 INFO 11756 [egg-mongoose] starting...
2020-06-30 08:47:10,292 INFO 11756 [egg-mongoose] mongodb://127.0.0.1/shoppingMall connected successfully
2020-06-30 08:47:10,304 INFO 11756 [egg-mongoose] instance[0] start successfully
2020-06-30 08:47:10,306 INFO 11756 [egg-watcher:application] watcher start success
2020-06-30 08:47:10,316 INFO 11756 [egg:core] dump config after ready, 6ms
2020-06-30 08:47:10,859 INFO 3632 [egg:logger] init all loggers with options: {"dir":"C:\\Users\\ddd\\Desktop\\shopping-ly\\server\\logs\\server","encoding":"utf8","env":"local","level":"INFO","consoleLevel":"INFO","disableConsoleAfterReady":false,"outputJSON":false,"buffer":true,"appLogName":"server-web.log","coreLogName":"egg-web.log","agentLogName":"egg-agent.log","errorLogName":"common-error.log","coreLogger":{"consoleLevel":"WARN"},"allowDebugAtProd":false,"type":"application"}
2020-06-30 08:47:10,897 INFO 3632 [egg-multipart] stream mode enable
2020-06-30 08:47:11,457 INFO 3632 [egg-mongoose] connecting mongodb://127.0.0.1/shoppingMall
2020-06-30 08:47:11,909 INFO 3632 [egg-static] starting static serve /public/ -> C:\Users\ddd\Desktop\shopping-ly\server\app\public
2020-06-30 08:47:11,914 INFO 3632 [egg-security] use methodnoallow middleware
2020-06-30 08:47:11,915 INFO 3632 [egg-security] use noopen middleware
2020-06-30 08:47:11,919 INFO 3632 [egg-security] use nosniff middleware
2020-06-30 08:47:11,920 INFO 3632 [egg-security] use xssProtection middleware
2020-06-30 08:47:11,921 INFO 3632 [egg-security] use xframe middleware
2020-06-30 08:47:11,922 INFO 3632 [egg-security] use dta middleware
2020-06-30 08:47:11,922 INFO 3632 [egg-security] compose 6 middlewares into one security middleware
2020-06-30 08:47:11,953 INFO 3632 [egg:core] dump config after load, 5ms
2020-06-30 08:47:11,958 INFO 3632 [egg-mongoose] starting...
2020-06-30 08:47:12,009 INFO 3632 [egg-mongoose] mongodb://127.0.0.1/shoppingMall connected successfully
2020-06-30 08:47:12,022 INFO 3632 [egg-mongoose] instance[0] start successfully
2020-06-30 08:47:12,027 INFO 3632 [egg-watcher:application] watcher start success
2020-06-30 08:47:12,035 INFO 3632 [egg:core] dump config after ready, 7ms
2020-06-30 08:47:13,862 INFO 12684 [egg:logger] init all loggers with options: {"dir":"C:\\Users\\ddd\\Desktop\\shopping-ly\\server\\logs\\server","encoding":"utf8","env":"local","level":"INFO","consoleLevel":"INFO","disableConsoleAfterReady":false,"outputJSON":false,"buffer":true,"appLogName":"server-web.log","coreLogName":"egg-web.log","agentLogName":"egg-agent.log","errorLogName":"common-error.log","coreLogger":{"consoleLevel":"WARN"},"allowDebugAtProd":false,"type":"application"}
2020-06-30 08:47:13,896 INFO 12684 [egg-multipart] stream mode enable
2020-06-30 08:47:14,559 INFO 12684 [egg-mongoose] connecting mongodb://127.0.0.1/shoppingMall
2020-06-30 08:47:15,018 INFO 12684 [egg-static] starting static serve /public/ -> C:\Users\ddd\Desktop\shopping-ly\server\app\public
2020-06-30 08:47:15,022 INFO 12684 [egg-security] use methodnoallow middleware
2020-06-30 08:47:15,023 INFO 12684 [egg-security] use noopen middleware
2020-06-30 08:47:15,026 INFO 12684 [egg-security] use nosniff middleware
2020-06-30 08:47:15,027 INFO 12684 [egg-security] use xssProtection middleware
2020-06-30 08:47:15,027 INFO 12684 [egg-security] use xframe middleware
2020-06-30 08:47:15,028 INFO 12684 [egg-security] use dta middleware
2020-06-30 08:47:15,028 INFO 12684 [egg-security] compose 6 middlewares into one security middleware
2020-06-30 08:47:15,060 INFO 12684 [egg:core] dump config after load, 6ms
2020-06-30 08:47:15,065 INFO 12684 [egg-mongoose] starting...
2020-06-30 08:47:15,121 INFO 12684 [egg-mongoose] mongodb://127.0.0.1/shoppingMall connected successfully
2020-06-30 08:47:15,140 INFO 12684 [egg-mongoose] instance[0] start successfully
2020-06-30 08:47:15,144 INFO 12684 [egg-watcher:application] watcher start success
2020-06-30 08:47:15,155 INFO 12684 [egg:core] dump config after ready, 9ms
2020-06-30 10:09:29,026 INFO 15052 [egg:logger] init all loggers with options: {"dir":"C:\\Users\\ddd\\Desktop\\shopping-ly\\server\\logs\\server","encoding":"utf8","env":"local","level":"INFO","consoleLevel":"INFO","disableConsoleAfterReady":false,"outputJSON":false,"buffer":true,"appLogName":"server-web.log","coreLogName":"egg-web.log","agentLogName":"egg-agent.log","errorLogName":"common-error.log","coreLogger":{"consoleLevel":"WARN"},"allowDebugAtProd":false,"type":"application"}
2020-06-30 10:09:29,073 INFO 15052 [egg-multipart] stream mode enable
2020-06-30 10:09:29,744 INFO 15052 [egg-mongoose] connecting mongodb://127.0.0.1/shoppingMall
2020-06-30 10:09:30,307 INFO 15052 [egg-static] starting static serve /public/ -> C:\Users\ddd\Desktop\shopping-ly\server\app\public
2020-06-30 10:09:30,312 INFO 15052 [egg-security] use methodnoallow middleware
2020-06-30 10:09:30,313 INFO 15052 [egg-security] use noopen middleware
2020-06-30 10:09:30,316 INFO 15052 [egg-security] use nosniff middleware
2020-06-30 10:09:30,317 INFO 15052 [egg-security] use xssProtection middleware
2020-06-30 10:09:30,318 INFO 15052 [egg-security] use xframe middleware
2020-06-30 10:09:30,319 INFO 15052 [egg-security] use dta middleware
2020-06-30 10:09:30,319 INFO 15052 [egg-security] compose 6 middlewares into one security middleware
2020-06-30 10:09:30,353 INFO 15052 [egg:core] dump config after load, 6ms
2020-06-30 10:09:30,357 INFO 15052 [egg-mongoose] starting...
2020-06-30 10:09:30,416 INFO 15052 [egg-mongoose] mongodb://127.0.0.1/shoppingMall connected successfully
2020-06-30 10:09:30,435 INFO 15052 [egg-mongoose] instance[0] start successfully
2020-06-30 10:09:30,450 INFO 15052 [egg-watcher:application] watcher start success
2020-06-30 10:09:30,458 INFO 15052 [egg:core] dump config after ready, 7ms
2020-06-30 10:09:33,051 INFO 3980 [egg:logger] init all loggers with options: {"dir":"C:\\Users\\ddd\\Desktop\\shopping-ly\\server\\logs\\server","encoding":"utf8","env":"local","level":"INFO","consoleLevel":"INFO","disableConsoleAfterReady":false,"outputJSON":false,"buffer":true,"appLogName":"server-web.log","coreLogName":"egg-web.log","agentLogName":"egg-agent.log","errorLogName":"common-error.log","coreLogger":{"consoleLevel":"WARN"},"allowDebugAtProd":false,"type":"application"}
2020-06-30 10:09:33,105 INFO 3980 [egg-multipart] stream mode enable
2020-06-30 10:09:33,792 INFO 3980 [egg-mongoose] connecting mongodb://127.0.0.1/shoppingMall
2020-06-30 10:09:34,410 INFO 3980 [egg-static] starting static serve /public/ -> C:\Users\ddd\Desktop\shopping-ly\server\app\public
2020-06-30 10:09:34,416 INFO 3980 [egg-security] use methodnoallow middleware
2020-06-30 10:09:34,417 INFO 3980 [egg-security] use noopen middleware
2020-06-30 10:09:34,420 INFO 3980 [egg-security] use nosniff middleware
2020-06-30 10:09:34,421 INFO 3980 [egg-security] use xssProtection middleware
2020-06-30 10:09:34,422 INFO 3980 [egg-security] use xframe middleware
2020-06-30 10:09:34,423 INFO 3980 [egg-security] use dta middleware
2020-06-30 10:09:34,423 INFO 3980 [egg-security] compose 6 middlewares into one security middleware
2020-06-30 10:09:34,453 INFO 3980 [egg:core] dump config after load, 5ms
2020-06-30 10:09:34,456 INFO 3980 [egg-mongoose] starting...
2020-06-30 10:09:34,507 INFO 3980 [egg-mongoose] mongodb://127.0.0.1/shoppingMall connected successfully
2020-06-30 10:09:34,519 INFO 3980 [egg-mongoose] instance[0] start successfully
2020-06-30 10:09:34,524 INFO 3980 [egg-watcher:application] watcher start success
2020-06-30 10:09:34,532 INFO 3980 [egg:core] dump config after ready, 7ms
